app/build/outputs/mapping/release/seeds.txt
com.johanlund.ibsfoodanalyzer.DataBinderMapperImpl
com.johanlund.ibsfoodanalyzer.R$anim: int abc_fade_in
com.johanlund.ibsfoodanalyzer.R$anim: int abc_fade_out
com.johanlund.ibsfoodanalyzer.R$anim: int abc_grow_fade_in_from_bottom
com.johanlund.ibsfoodanalyzer.R$anim: int abc_popup_enter
com.johanlund.ibsfoodanalyzer.R$anim: int abc_popup_exit
com.johanlund.ibsfoodanalyzer.R$anim: int abc_shrink_fade_out_from_bottom
com.johanlund.ibsfoodanalyzer.R$anim: int abc_slide_in_bottom
com.johanlund.ibsfoodanalyzer.R$anim: int abc_slide_in_top
com.johanlund.ibsfoodanalyzer.R$anim: int abc_slide_out_bottom
com.johanlund.ibsfoodanalyzer.R$anim: int abc_slide_out_top
com.johanlund.ibsfoodanalyzer.R$anim: int abc_tooltip_enter
com.johanlund.ibsfoodanalyzer.R$anim: int abc_tooltip_exit
com.johanlund.ibsfoodanalyzer.R$anim: int design_bottom_sheet_slide_in
com.johanlund.ibsfoodanalyzer.R$anim: int design_bottom_sheet_slide_out
com.johanlund.ibsfoodanalyzer.R$anim: int design_snackbar_in
com.johanlund.ibsfoodanalyzer.R$anim: int design_snackbar_out
com.johanlund.ibsfoodanalyzer.R$animator: int design_appbar_state_list_animator
com.johanlund.ibsfoodanalyzer.R$animator: int design_fab_hide_motion_spec
com.johanlund.ibsfoodanalyzer.R$animator: int design_fab_show_motion_spec
com.johanlund.ibsfoodanalyzer.R$animator: int mtrl_btn_state_list_anim
com.johanlund.ibsfoodanalyzer.R$animator: int mtrl_btn_unelevated_state_list_anim
com.johanlund.ibsfoodanalyzer.R$animator: int mtrl_chip_state_list_anim
com.johanlund.ibsfoodanalyzer.R$animator: int mtrl_fab_hide_motion_spec
com.johanlund.ibsfoodanalyzer.R$animator: int mtrl_fab_show_motion_spec
com.johanlund.ibsfoodanalyzer.R$animator: int mtrl_fab_transformation_sheet_collapse_spec
com.johanlund.ibsfoodanalyzer.R$animator: int mtrl_fab_transformation_sheet_expand_spec
com.johanlund.ibsfoodanalyzer.R$attr: int actionBarDivider
com.johanlund.ibsfoodanalyzer.R$attr: int actionBarItemBackground
com.johanlund.ibsfoodanalyzer.R$attr: int actionBarPopupTheme
com.johanlund.ibsfoodanalyzer.R$attr: int actionBarSize
com.johanlund.ibsfoodanalyzer.R$attr: int actionBarSplitStyle
com.johanlund.ibsfoodanalyzer.R$attr: int actionBarStyle
com.johanlund.ibsfoodanalyzer.R$attr: int actionBarTabBarStyle
com.johanlund.ibsfoodanalyzer.R$attr: int actionBarTabStyle
com.johanlund.ibsfoodanalyzer.R$attr: int actionBarTabTextStyle
com.johanlund.ibsfoodanalyzer.R$attr: int actionBarTheme
com.johanlund.ibsfoodanalyzer.R$attr: int actionBarWidgetTheme
com.johanlund.ibsfoodanalyzer.R$attr: int actionButtonStyle
com.johanlund.ibsfoodanalyzer.R$attr: int actionDropDownStyle
com.johanlund.ibsfoodanalyzer.R$attr: int actionLayout
com.johanlund.ibsfoodanalyzer.R$attr: int actionMenuTextAppearance
com.johanlund.ibsfoodanalyzer.R$attr: int actionMenuTextColor
com.johanlund.ibsfoodanalyzer.R$attr: int actionModeBackground
com.johanlund.ibsfoodanalyzer.R$attr: int actionModeCloseButtonStyle
com.johanlund.ibsfoodanalyzer.R$attr: int actionModeCloseDrawable
com.johanlund.ibsfoodanalyzer.R$attr: int actionModeCopyDrawable
com.johanlund.ibsfoodanalyzer.R$attr: int actionModeCutDrawable
com.johanlund.ibsfoodanalyzer.R$attr: int actionModeFindDrawable
com.johanlund.ibsfoodanalyzer.R$attr: int actionModePasteDrawable
com.johanlund.ibsfoodanalyzer.R$bool: int abc_action_bar_embed_tabs
com.johanlund.ibsfoodanalyzer.R$bool: int abc_allow_stacked_button_bar
com.johanlund.ibsfoodanalyzer.R$bool: int abc_config_actionMenuItemAllCaps
com.johanlund.ibsfoodanalyzer.R$bool: int config_materialPreferenceIconSpaceReserved
com.johanlund.ibsfoodanalyzer.R$bool: int mtrl_btn_textappearance_all_caps
com.johanlund.ibsfoodanalyzer.R$bool: int use_activity
com.johanlund.ibsfoodanalyzer.R$bool: int use_provider
...
android.support.design.widget.BottomSheetBehavior$SavedState: android.os.Parcelable$Creator CREATOR
android.support.design.widget.CheckableImageButton
android.support.design.widget.CheckableImageButton: CheckableImageButton(android.content.Context)
android.support.design.widget.CheckableImageButton: CheckableImageButton(android.content.Context,android.util.AttributeSet)
android.support.design.widget.CheckableImageButton: CheckableImageButton(android.content.Context,android.util.AttributeSet,int)
android.support.design.widget.CheckableImageButton: void setChecked(boolean)
android.support.design.widget.CollapsingToolbarLayout: void setTitle(java.lang.CharSequence)
android.support.design.widget.CollapsingToolbarLayout: java.lang.CharSequence getTitle()
android.support.design.widget.CollapsingToolbarLayout: void setTitleEnabled(boolean)
android.support.design.widget.CollapsingToolbarLayout: void setScrimsShown(boolean)
android.support.design.widget.CollapsingToolbarLayout: void setScrimAlpha(int)
android.support.design.widget.CollapsingToolbarLayout: int getScrimAlpha()
android.support.design.widget.CollapsingToolbarLayout: void setContentScrim(android.graphics.drawable.Drawable)
android.support.design.widget.CollapsingToolbarLayout: void setContentScrimColor(int)
android.support.design.widget.CollapsingToolbarLayout: void setContentScrimResource(int)
android.support.design.widget.CollapsingToolbarLayout: android.graphics.drawable.Drawable getContentScrim()
android.support.design.widget.CollapsingToolbarLayout: void setStatusBarScrim(android.graphics.drawable.Drawable)
android.support.design.widget.CollapsingToolbarLayout: void setVisibility(int)
android.support.design.widget.CollapsingToolbarLayout: void setStatusBarScrimColor(int)
android.support.design.widget.CollapsingToolbarLayout: void setStatusBarScrimResource(int)
android.support.design.widget.CollapsingToolbarLayout: android.graphics.drawable.Drawable getStatusBarScrim()
android.support.design.widget.CollapsingToolbarLayout: void setCollapsedTitleTextAppearance(int)
android.support.design.widget.CoordinatorLayout
android.support.design.widget.CoordinatorLayout: CoordinatorLayout(android.content.Context)
android.support.design.widget.CoordinatorLayout: CoordinatorLayout(android.content.Context,android.util.AttributeSet)
android.support.design.widget.CoordinatorLayout: CoordinatorLayout(android.content.Context,android.util.AttributeSet,int)
android.support.design.widget.CoordinatorLayout: void setOnHierarchyChangeListener(android.view.ViewGroup$OnHierarchyChangeListener)
android.support.design.widget.CoordinatorLayout: void setStatusBarBackground(android.graphics.drawable.Drawable)
android.support.design.widget.CoordinatorLayout: android.graphics.drawable.Drawable getStatusBarBackground()
android.support.design.widget.CoordinatorLayout: void setVisibility(int)
android.support.design.widget.CoordinatorLayout: void setStatusBarBackgroundResource(int)
android.support.design.widget.CoordinatorLayout: void setStatusBarBackgroundColor(int)
android.support.design.widget.CoordinatorLayout: android.support.v4.view.WindowInsetsCompat getLastWindowInsets()
android.support.design.widget.CoordinatorLayout: int getSuggestedMinimumWidth()
android.support.design.widget.CoordinatorLayout: int getSuggestedMinimumHeight()
android.support.design.widget.CoordinatorLayout: void setFitsSystemWindows(boolean)
android.support.design.widget.CoordinatorLayout: java.util.List getDependencySortedChildren()
android.support.design.widget.CoordinatorLayout$Behavior: CoordinatorLayout$Behavior()
android.support.design.widget.CoordinatorLayout$Behavior: CoordinatorLayout$Behavior(android.content.Context,android.util.AttributeSet)
android.support.design.widget.CoordinatorLayout$SavedState: android.os.Parcelable$Creator CREATOR