app/build/outputs/mapping/release/mapping.txt
com.johanlund.ibsfoodanalyzer.DataBinderMapperImpl -> com.johanlund.ibsfoodanalyzer.DataBinderMapperImpl:
    android.util.SparseIntArray INTERNAL_LAYOUT_ID_LOOKUP -> a
    void <init>() -> <init>
    java.util.List collectDependencies() -> a
    void <clinit>() -> <clinit>
com.johanlund.ibsfoodanalyzer.R -> com.johanlund.ibsfoodanalyzer.a:
com.johanlund.ibsfoodanalyzer.R$styleable -> com.johanlund.ibsfoodanalyzer.a$a:
    int[] ActionBar -> ActionBar
    int ActionBar_background -> ActionBar_background
    int ActionBar_backgroundSplit -> ActionBar_backgroundSplit
    int ActionBar_backgroundStacked -> ActionBar_backgroundStacked
    int ActionBar_contentInsetEnd -> ActionBar_contentInsetEnd
    int ActionBar_contentInsetEndWithActions -> ActionBar_contentInsetEndWithActions
    int ActionBar_contentInsetLeft -> ActionBar_contentInsetLeft
    int ActionBar_contentInsetRight -> ActionBar_contentInsetRight
    int ActionBar_contentInsetStart -> ActionBar_contentInsetStart
    int ActionBar_contentInsetStartWithNavigation -> ActionBar_contentInsetStartWithNavigation
    int ActionBar_customNavigationLayout -> ActionBar_customNavigationLayout
    int ActionBar_displayOptions -> ActionBar_displayOptions
    int ActionBar_divider -> ActionBar_divider
    int ActionBar_elevation -> ActionBar_elevation
    int ActionBar_height -> ActionBar_height
    int ActionBar_hideOnContentScroll -> ActionBar_hideOnContentScroll
    int ActionBar_homeAsUpIndicator -> ActionBar_homeAsUpIndicator
    int ActionBar_homeLayout -> ActionBar_homeLayout
    int ActionBar_icon -> ActionBar_icon
    int ActionBar_indeterminateProgressStyle -> ActionBar_indeterminateProgressStyle
    int ActionBar_itemPadding -> ActionBar_itemPadding
    int ActionBar_logo -> ActionBar_logo
    int ActionBar_navigationMode -> ActionBar_navigationMode
...
com.johanlund.stat_backend.makers.DeltaPointMaker -> com.johanlund.l.b.a:
    java.util.Map doDeltaScore(java.util.List,int,int,java.util.Map) -> a
    void makeDeltaTagPoints(com.johanlund.stat_backend.stat_util.TagsWrapperBase,int,int,java.util.Map) -> a
com.johanlund.stat_backend.makers.PortionPointMaker -> com.johanlund.l.b.b:
    java.util.List doPortionsPoints(java.util.List,java.util.List,long,long,int) -> a
    java.util.List toReplaceCalcPoints(java.util.List,java.util.List,long,long,int) -> b
    java.util.List joinTooClosePortions(java.util.List,int) -> b
    java.util.List joinTooClosePortions2(java.util.List,int) -> a
    java.util.List joinPt(com.johanlund.base_classes.Tag,int,java.util.List,java.util.List,int) -> a
    com.johanlund.stat_backend.point_classes.PortionPoint getPPForRange(com.johanlund.screens.statistics.portions_settings.PortionStatRange,java.util.List,long,long) -> a
    java.util.List makeExceptTps(com.johanlund.screens.statistics.portions_settings.PortionStatRange,java.util.List,long,long) -> b
    java.util.List getRawTps(java.util.List,long,long) -> a
    java.util.List getWithinRange(com.johanlund.screens.statistics.portions_settings.PortionStatRange,java.util.List) -> a
    java.util.List getAboveRange(com.johanlund.screens.statistics.portions_settings.PortionStatRange,java.util.List) -> b
    void leftsExceptRights(java.util.List,java.util.List) -> a
    com.johanlund.stat_backend.stat_util.TimePeriod leftExceptRights(com.johanlund.stat_backend.stat_util.TimePeriod,java.util.List) -> a
com.johanlund.stat_backend.makers.TagPointBmHandler -> com.johanlund.l.b.c:
    void doBmScore(com.johanlund.stat_backend.stat_util.TagsWrapperBase,java.util.Map,long,long) -> a
    java.util.Map doBmScore(java.util.List,java.util.Map,long,long) -> a
com.johanlund.stat_backend.makers.TagPointMaker -> com.johanlund.l.b.d:
    void makeTagPoints(com.johanlund.stat_backend.stat_util.TagsWrapperBase,int,int,java.util.Map) -> a
    java.util.Map doAvgScore(java.util.List,int,int,java.util.Map) -> a
com.johanlund.stat_backend.makers.TimePointMaker -> com.johanlund.l.b.e:
    java.util.List doRatingTimePoints(java.util.List,org.threeten.bp.LocalDateTime,int,int) -> a
    boolean isLastRating(com.johanlund.stat_backend.stat_util.ScoreTime,java.util.List) -> a
    boolean isBetweenScores(com.johanlund.stat_backend.stat_util.ScoreTime,int,int) -> a
    java.util.List doBMTimePoints(java.util.List,int,int) -> a
    boolean isLastBm(com.johanlund.stat_backend.stat_util.ScoreTime,java.util.List) -> b
com.johanlund.stat_backend.point_classes.PointBase -> com.johanlund.l.c.a:
com.johanlund.stat_backend.point_classes.PortionPoint -> com.johanlund.l.c.b:
    com.johanlund.screens.statistics.portions_settings.PortionStatRange range -> a
    java.lang.Double score -> b
    double quant -> c
    void <init>(com.johanlund.screens.statistics.portions_settings.PortionStatRange,double,double) -> <init>
    double getQuant() -> a
    com.johanlund.screens.statistics.portions_settings.PortionStatRange getRange() -> b
    java.lang.Double getScore() -> c
com.johanlund.stat_backend.point_classes.TagPoint -> com.johanlund.l.c.c:
    java.lang.String name -> a
    double quantity -> b
    double orig_tot_points -> c
    int jumps -> d
    double tot_points -> e
    int plus_minus -> f
    double sumBristol -> g
    int nrOfBMs -> h
    void <init>(java.lang.String,double) -> <init>
    void <init>(java.lang.String,double,double) -> <init>
    int getNrOfBMs() -> a
    double getOrigAvgScore() -> b
    java.lang.String getName() -> c
    double getQuantity() -> d
    double getOrig_tot_points() -> e
    void addBM(int) -> a
    void addToBMScore(double) -> a
    double getAvgBristol() -> f