app/build/outputs/mapping/release/usage.txt
com.johanlund.ibsfoodanalyzer.BR
com.johanlund.ibsfoodanalyzer.BuildConfig
com.johanlund.ibsfoodanalyzer.DataBinderMapperImpl:
    26:33:public android.databinding.ViewDataBinding getDataBinder(android.databinding.DataBindingComponent,android.view.View,int)
    38:50:public android.databinding.ViewDataBinding getDataBinder(android.databinding.DataBindingComponent,android.view.View[],int)
    55:59:public int getLayoutId(java.lang.String)
    64:65:public java.lang.String convertBrIdToString(int)
com.johanlund.ibsfoodanalyzer.DataBinderMapperImpl$InnerBrLookup
com.johanlund.ibsfoodanalyzer.DataBinderMapperImpl$InnerLayoutIdLookup
com.johanlund.ibsfoodanalyzer.R:
    10:10:public R()
com.johanlund.ibsfoodanalyzer.R$anim
com.johanlund.ibsfoodanalyzer.R$animator
com.johanlund.ibsfoodanalyzer.R$attr
com.johanlund.ibsfoodanalyzer.R$bool
com.johanlund.ibsfoodanalyzer.R$color
com.johanlund.ibsfoodanalyzer.R$dimen
com.johanlund.ibsfoodanalyzer.R$drawable
com.johanlund.ibsfoodanalyzer.R$id
com.johanlund.ibsfoodanalyzer.R$integer
com.johanlund.ibsfoodanalyzer.R$interpolator
com.johanlund.ibsfoodanalyzer.R$layout
com.johanlund.ibsfoodanalyzer.R$menu
com.johanlund.ibsfoodanalyzer.R$mipmap
com.johanlund.ibsfoodanalyzer.R$string
com.johanlund.ibsfoodanalyzer.R$style
com.johanlund.ibsfoodanalyzer.R$styleable:
    7280:7280:public R$styleable()
com.johanlund.ibsfoodanalyzer.R$xml
...
com.google.android.gms.common.images.ImageManager$zze
com.google.android.gms.common.images.Size
com.google.android.gms.common.images.WebImage
com.google.android.gms.common.images.zza
com.google.android.gms.common.images.zza$zza
com.google.android.gms.common.images.zza$zzb
com.google.android.gms.common.images.zza$zzc
com.google.android.gms.common.images.zzb
com.google.android.gms.common.internal.BinderWrapper
com.google.android.gms.common.internal.BinderWrapper$1
com.google.android.gms.common.internal.DowngradeableSafeParcel
com.google.android.gms.common.internal.safeparcel.zzb:
    public static java.lang.Boolean zzd(android.os.Parcel,int)
    public static byte zze(android.os.Parcel,int)
    public static short zzf(android.os.Parcel,int)
    public static java.lang.Long zzj(android.os.Parcel,int)
    public static java.math.BigInteger zzk(android.os.Parcel,int)
    public static float zzl(android.os.Parcel,int)
    public static java.lang.Float zzm(android.os.Parcel,int)
    public static double zzn(android.os.Parcel,int)
    public static java.lang.Double zzo(android.os.Parcel,int)
    public static java.math.BigDecimal zzp(android.os.Parcel,int)
    public static byte[] zzt(android.os.Parcel,int)
    public static byte[][] zzu(android.os.Parcel,int)
    public static boolean[] zzv(android.os.Parcel,int)
    public static int[] zzw(android.os.Parcel,int)
    public static long[] zzx(android.os.Parcel,int)
    public static java.math.BigInteger[] zzy(android.os.Parcel,int)
    public static float[] zzz(android.os.Parcel,int)
    public static double[] zzA(android.os.Parcel,int)
    public static java.math.BigDecimal[] zzB(android.os.Parcel,int)
    public static java.lang.String[] zzC(android.os.Parcel,int)
    public static java.util.ArrayList zzD(android.os.Parcel,int)
    public static java.util.ArrayList zzE(android.os.Parcel,int)
    public static android.os.Parcel zzF(android.os.Parcel,int)
    public static android.os.Parcel[] zzG(android.os.Parcel,int)
com.google.android.gms.common.internal.safeparcel.zzc:
    public static void zza(android.os.Parcel,int,java.lang.Boolean,boolean)
    public static void zza(android.os.Parcel,int,byte)
    public static void zza(android.os.Parcel,int,short)
    public static void zza(android.os.Parcel,int,java.lang.Long,boolean)
    public static void zza(android.os.Parcel,int,float)
    public static void zza(android.os.Parcel,int,java.lang.Float,boolean)
    public static void zza(android.os.Parcel,int,double)
    public static void zza(android.os.Parcel,int,java.lang.Double,boolean)
    public static void zza(android.os.Parcel,int,byte[],boolean)
    public static void zza(android.os.Parcel,int,byte[][],boolean)
    public static void zza(android.os.Parcel,int,boolean[],boolean)
    public static void zza(android.os.Parcel,int,int[],boolean)
    public static void zza(android.os.Parcel,int,long[],boolean)
    public static void zza(android.os.Parcel,int,float[],boolean)
    public static void zza(android.os.Parcel,int,java.lang.String[],boolean)
    public static void zza(android.os.Parcel,int,java.util.List,boolean)
    public static void zzb(android.os.Parcel,int,java.util.List,boolean)
    public static void zza(android.os.Parcel,int,android.os.Parcel,boolean)
    public static void zzd(android.os.Parcel,int,java.util.List,boolean)
com.google.android.gms.common.internal.safeparcel.zzd
com.google.android.gms.common.internal.zzab
com.google.android.gms.common.internal.zzab$1
com.google.android.gms.common.internal.zzab$2
com.google.android.gms.common.internal.zzab$3
com.google.android.gms.common.internal.zzab$zza
com.google.android.gms.common.internal.zzab$zzb